Arguments: 
  /usr/local/Cellar/node/10.11.0/bin/node /usr/local/Cellar/yarn/1.10.1/libexec/bin/yarn.js add VueECharts -S

PATH: 
  /usr/local/bin:/usr/bin:/bin:/usr/sbin:/sbin

Yarn version: 
  1.10.1

Node version: 
  10.11.0

Platform: 
  darwin x64

Trace: 
  Error: https://registry.yarnpkg.com/VueECharts: Not found
      at Request.params.callback [as _callback] (/usr/local/Cellar/yarn/1.10.1/libexec/lib/cli.js:61073:18)
      at Request.self.callback (/usr/local/Cellar/yarn/1.10.1/libexec/lib/cli.js:120166:22)
      at Request.emit (events.js:182:13)
      at Request.<anonymous> (/usr/local/Cellar/yarn/1.10.1/libexec/lib/cli.js:121138:10)
      at Request.emit (events.js:182:13)
      at IncomingMessage.<anonymous> (/usr/local/Cellar/yarn/1.10.1/libexec/lib/cli.js:121060:12)
      at Object.onceWrapper (events.js:273:13)
      at IncomingMessage.emit (events.js:187:15)
      at endReadableNT (_stream_readable.js:1092:12)
      at process._tickCallback (internal/process/next_tick.js:63:19)

npm manifest: 
  {
    "name": "youtube",
    "version": "1.0.0",
    "description": "",
    "main": "index.js",
    "scripts": {
      "test": "echo \"Error: no test specified\" && exit 1"
    },
    "keywords": [],
    "author": "",
    "license": "ISC",
    "dependencies": {
      "element-ui": "^2.4.8"
    }
  }

yarn manifest: 
  No manifest

Lockfile: 
  # THIS IS AN AUTOGENERATED FILE. DO NOT EDIT THIS FILE DIRECTLY.
  # yarn lockfile v1
  
  
  async-validator@~1.8.1:
    version "1.8.5"
    resolved "https://registry.yarnpkg.com/async-validator/-/async-validator-1.8.5.tgz#dc3e08ec1fd0dddb67e60842f02c0cd1cec6d7f0"
    integrity sha512-tXBM+1m056MAX0E8TL2iCjg8WvSyXu0Zc8LNtYqrVeyoL3+esHRZ4SieE9fKQyyU09uONjnMEjrNBMqT0mbvmA==
    dependencies:
      babel-runtime "6.x"
  
  babel-helper-vue-jsx-merge-props@^2.0.0:
    version "2.0.3"
    resolved "https://registry.yarnpkg.com/babel-helper-vue-jsx-merge-props/-/babel-helper-vue-jsx-merge-props-2.0.3.tgz#22aebd3b33902328e513293a8e4992b384f9f1b6"
    integrity sha512-gsLiKK7Qrb7zYJNgiXKpXblxbV5ffSwR0f5whkPAaBAR4fhi6bwRZxX9wBlIc5M/v8CCkXUbXZL4N/nSE97cqg==
  
  babel-runtime@6.x:
    version "6.26.0"
    resolved "https://registry.yarnpkg.com/babel-runtime/-/babel-runtime-6.26.0.tgz#965c7058668e82b55d7bfe04ff2337bc8b5647fe"
    integrity sha1-llxwWGaOgrVde/4E/yM3vItWR/4=
    dependencies:
      core-js "^2.4.0"
      regenerator-runtime "^0.11.0"
  
  core-js@^2.4.0:
    version "2.5.7"
    resolved "https://registry.yarnpkg.com/core-js/-/core-js-2.5.7.tgz#f972608ff0cead68b841a16a932d0b183791814e"
    integrity sha512-RszJCAxg/PP6uzXVXL6BsxSXx/B05oJAQ2vkJRjyjrEcNVycaqOmNb5OTxZPE3xa5gwZduqza6L9JOCenh/Ecw==
  
  deepmerge@^1.2.0:
    version "1.5.2"
    resolved "https://registry.yarnpkg.com/deepmerge/-/deepmerge-1.5.2.tgz#10499d868844cdad4fee0842df8c7f6f0c95a753"
    integrity sha512-95k0GDqvBjZavkuvzx/YqVLv/6YYa17fz6ILMSf7neqQITCPbnfEnQvEgMPNjH4kgobe7+WIL0yJEHku+H3qtQ==
  
  element-ui@^2.4.8:
    version "2.4.8"
    resolved "https://registry.yarnpkg.com/element-ui/-/element-ui-2.4.8.tgz#04c684540f84983ef440b516680b0dc6a4c66eff"
    integrity sha512-hkt8beJRhOvojx1USK3KS/CbE6SdPtqNdul0uxCMHSdr4RbfTS5HAMRFRdbTjXb1bKlF2D2GFERY2lzrWtk6Qw==
    dependencies:
      async-validator "~1.8.1"
      babel-helper-vue-jsx-merge-props "^2.0.0"
      deepmerge "^1.2.0"
      normalize-wheel "^1.0.1"
      resize-observer-polyfill "^1.5.0"
      throttle-debounce "^1.0.1"
  
  normalize-wheel@^1.0.1:
    version "1.0.1"
    resolved "https://registry.yarnpkg.com/normalize-wheel/-/normalize-wheel-1.0.1.tgz#aec886affdb045070d856447df62ecf86146ec45"
    integrity sha1-rsiGr/2wRQcNhWRH32Ls+GFG7EU=
  
  regenerator-runtime@^0.11.0:
    version "0.11.1"
    resolved "https://registry.yarnpkg.com/regenerator-runtime/-/regenerator-runtime-0.11.1.tgz#be05ad7f9bf7d22e056f9726cee5017fbf19e2e9"
    integrity sha512-MguG95oij0fC3QV3URf4V2SDYGJhJnJGqvIIgdECeODCT98wSWDAJ94SSuVpYQUoTcGUIL6L4yNB7j1DFFHSBg==
  
  resize-observer-polyfill@^1.5.0:
    version "1.5.0"
    resolved "https://registry.yarnpkg.com/resize-observer-polyfill/-/resize-observer-polyfill-1.5.0.tgz#660ff1d9712a2382baa2cad450a4716209f9ca69"
    integrity sha512-M2AelyJDVR/oLnToJLtuDJRBBWUGUvvGigj1411hXhAdyFWqMaqHp7TixW3FpiLuVaikIcR1QL+zqoJoZlOgpg==
  
  throttle-debounce@^1.0.1:
    version "1.1.0"
    resolved "https://registry.yarnpkg.com/throttle-debounce/-/throttle-debounce-1.1.0.tgz#51853da37be68a155cb6e827b3514a3c422e89cd"
    integrity sha512-XH8UiPCQcWNuk2LYePibW/4qL97+ZQ1AN3FNXwZRBNPPowo/NRU5fAlDCSNBJIYCKbioZfuYtMhG4quqoJhVzg==
